<?xml version="1.0" encoding="UTF-8"?>
<testsuite xmlns:xsi="http://www.w3.org/2001/XMLSchema-instance" xsi:noNamespaceSchemaLocation="https://maven.apache.org/surefire/maven-surefire-plugin/xsd/surefire-test-report.xsd" name="petTest" time="5.856" tests="11" errors="0" skipped="0" failures="5">
  <properties>
    <property name="sun.desktop" value="gnome"/>
    <property name="awt.toolkit" value="sun.awt.X11.XToolkit"/>
    <property name="java.specification.version" value="11"/>
    <property name="sun.cpu.isalist" value=""/>
    <property name="sun.jnu.encoding" value="UTF-8"/>
    <property name="java.class.path" value="/media/mauricio/Acer/Proyectos/Karate/test_petstore/target/test-classes:/media/mauricio/Acer/Proyectos/Karate/test_petstore/target/classes:/home/mauricio/.m2/repository/com/intuit/karate/karate-junit5/1.4.1/karate-junit5-1.4.1.jar:/home/mauricio/.m2/repository/com/intuit/karate/karate-core/1.4.1/karate-core-1.4.1.jar:/home/mauricio/.m2/repository/org/graalvm/js/js-scriptengine/22.3.3/js-scriptengine-22.3.3.jar:/home/mauricio/.m2/repository/org/graalvm/sdk/graal-sdk/22.3.3/graal-sdk-22.3.3.jar:/home/mauricio/.m2/repository/org/graalvm/js/js/22.3.3/js-22.3.3.jar:/home/mauricio/.m2/repository/org/graalvm/regex/regex/22.3.3/regex-22.3.3.jar:/home/mauricio/.m2/repository/org/graalvm/truffle/truffle-api/22.3.3/truffle-api-22.3.3.jar:/home/mauricio/.m2/repository/com/ibm/icu/icu4j/71.1/icu4j-71.1.jar:/home/mauricio/.m2/repository/org/thymeleaf/thymeleaf/3.1.2.RELEASE/thymeleaf-3.1.2.RELEASE.jar:/home/mauricio/.m2/repository/ognl/ognl/3.3.4/ognl-3.3.4.jar:/home/mauricio/.m2/repository/org/javassist/javassist/3.29.0-GA/javassist-3.29.0-GA.jar:/home/mauricio/.m2/repository/org/attoparser/attoparser/2.0.7.RELEASE/attoparser-2.0.7.RELEASE.jar:/home/mauricio/.m2/repository/org/unbescape/unbescape/1.1.6.RELEASE/unbescape-1.1.6.RELEASE.jar:/home/mauricio/.m2/repository/org/slf4j/slf4j-api/2.0.7/slf4j-api-2.0.7.jar:/home/mauricio/.m2/repository/com/linecorp/armeria/armeria/1.25.2/armeria-1.25.2.jar:/home/mauricio/.m2/repository/com/fasterxml/jackson/core/jackson-core/2.15.2/jackson-core-2.15.2.jar:/home/mauricio/.m2/repository/com/fasterxml/jackson/core/jackson-annotations/2.15.2/jackson-annotations-2.15.2.jar:/home/mauricio/.m2/repository/com/fasterxml/jackson/core/jackson-databind/2.15.2/jackson-databind-2.15.2.jar:/home/mauricio/.m2/repository/com/fasterxml/jackson/datatype/jackson-datatype-jdk8/2.15.2/jackson-datatype-jdk8-2.15.2.jar:/home/mauricio/.m2/repository/com/fasterxml/jackson/datatype/jackson-datatype-jsr310/2.15.2/jackson-datatype-jsr310-2.15.2.jar:/home/mauricio/.m2/repository/io/micrometer/micrometer-core/1.11.3/micrometer-core-1.11.3.jar:/home/mauricio/.m2/repository/io/micrometer/micrometer-commons/1.11.3/micrometer-commons-1.11.3.jar:/home/mauricio/.m2/repository/io/micrometer/micrometer-observation/1.11.3/micrometer-observation-1.11.3.jar:/home/mauricio/.m2/repository/org/hdrhistogram/HdrHistogram/2.1.12/HdrHistogram-2.1.12.jar:/home/mauricio/.m2/repository/org/latencyutils/LatencyUtils/2.0.3/LatencyUtils-2.0.3.jar:/home/mauricio/.m2/repository/io/netty/netty-transport/4.1.96.Final/netty-transport-4.1.96.Final.jar:/home/mauricio/.m2/repository/io/netty/netty-common/4.1.96.Final/netty-common-4.1.96.Final.jar:/home/mauricio/.m2/repository/io/netty/netty-buffer/4.1.96.Final/netty-buffer-4.1.96.Final.jar:/home/mauricio/.m2/repository/io/netty/netty-resolver/4.1.96.Final/netty-resolver-4.1.96.Final.jar:/home/mauricio/.m2/repository/io/netty/netty-codec-haproxy/4.1.96.Final/netty-codec-haproxy-4.1.96.Final.jar:/home/mauricio/.m2/repository/io/netty/netty-codec/4.1.96.Final/netty-codec-4.1.96.Final.jar:/home/mauricio/.m2/repository/io/netty/netty-codec-http2/4.1.96.Final/netty-codec-http2-4.1.96.Final.jar:/home/mauricio/.m2/repository/io/netty/netty-handler/4.1.96.Final/netty-handler-4.1.96.Final.jar:/home/mauricio/.m2/repository/io/netty/netty-codec-http/4.1.96.Final/netty-codec-http-4.1.96.Final.jar:/home/mauricio/.m2/repository/io/netty/netty-resolver-dns/4.1.96.Final/netty-resolver-dns-4.1.96.Final.jar:/home/mauricio/.m2/repository/io/netty/netty-codec-dns/4.1.96.Final/netty-codec-dns-4.1.96.Final.jar:/home/mauricio/.m2/repository/org/reactivestreams/reactive-streams/1.0.4/reactive-streams-1.0.4.jar:/home/mauricio/.m2/repository/com/google/code/findbugs/jsr305/3.0.2/jsr305-3.0.2.jar:/home/mauricio/.m2/repository/io/netty/netty-handler-proxy/4.1.96.Final/netty-handler-proxy-4.1.96.Final.jar:/home/mauricio/.m2/repository/io/netty/netty-codec-socks/4.1.96.Final/netty-codec-socks-4.1.96.Final.jar:/home/mauricio/.m2/repository/io/netty/netty-transport-native-unix-common/4.1.96.Final/netty-transport-native-unix-common-4.1.96.Final-linux-x86_64.jar:/home/mauricio/.m2/repository/io/netty/netty-transport-native-epoll/4.1.96.Final/netty-transport-native-epoll-4.1.96.Final-linux-x86_64.jar:/home/mauricio/.m2/repository/io/netty/netty-transport-native-unix-common/4.1.96.Final/netty-transport-native-unix-common-4.1.96.Final.jar:/home/mauricio/.m2/repository/io/netty/netty-transport-classes-epoll/4.1.96.Final/netty-transport-classes-epoll-4.1.96.Final.jar:/home/mauricio/.m2/repository/io/netty/netty-transport-native-unix-common/4.1.96.Final/netty-transport-native-unix-common-4.1.96.Final-linux-aarch_64.jar:/home/mauricio/.m2/repository/io/netty/netty-transport-native-epoll/4.1.96.Final/netty-transport-native-epoll-4.1.96.Final-linux-aarch_64.jar:/home/mauricio/.m2/repository/io/netty/netty-transport-native-unix-common/4.1.96.Final/netty-transport-native-unix-common-4.1.96.Final-osx-x86_64.jar:/home/mauricio/.m2/repository/io/netty/netty-transport-native-kqueue/4.1.96.Final/netty-transport-native-kqueue-4.1.96.Final-osx-x86_64.jar:/home/mauricio/.m2/repository/io/netty/netty-transport-classes-kqueue/4.1.96.Final/netty-transport-classes-kqueue-4.1.96.Final.jar:/home/mauricio/.m2/repository/io/netty/netty-resolver-dns-native-macos/4.1.96.Final/netty-resolver-dns-native-macos-4.1.96.Final-osx-x86_64.jar:/home/mauricio/.m2/repository/io/netty/netty-resolver-dns-classes-macos/4.1.96.Final/netty-resolver-dns-classes-macos-4.1.96.Final.jar:/home/mauricio/.m2/repository/io/netty/netty-transport-native-unix-common/4.1.96.Final/netty-transport-native-unix-common-4.1.96.Final-osx-aarch_64.jar:/home/mauricio/.m2/repository/io/netty/netty-transport-native-kqueue/4.1.96.Final/netty-transport-native-kqueue-4.1.96.Final-osx-aarch_64.jar:/home/mauricio/.m2/repository/io/netty/netty-resolver-dns-native-macos/4.1.96.Final/netty-resolver-dns-native-macos-4.1.96.Final-osx-aarch_64.jar:/home/mauricio/.m2/repository/io/netty/netty-tcnative-boringssl-static/2.0.61.Final/netty-tcnative-boringssl-static-2.0.61.Final-linux-x86_64.jar:/home/mauricio/.m2/repository/io/netty/netty-tcnative-classes/2.0.61.Final/netty-tcnative-classes-2.0.61.Final.jar:/home/mauricio/.m2/repository/io/netty/netty-tcnative-boringssl-static/2.0.61.Final/netty-tcnative-boringssl-static-2.0.61.Final-linux-aarch_64.jar:/home/mauricio/.m2/repository/io/netty/netty-tcnative-boringssl-static/2.0.61.Final/netty-tcnative-boringssl-static-2.0.61.Final-osx-x86_64.jar:/home/mauricio/.m2/repository/io/netty/netty-tcnative-boringssl-static/2.0.61.Final/netty-tcnative-boringssl-static-2.0.61.Final-osx-aarch_64.jar:/home/mauricio/.m2/repository/io/netty/netty-tcnative-boringssl-static/2.0.61.Final/netty-tcnative-boringssl-static-2.0.61.Final-windows-x86_64.jar:/home/mauricio/.m2/repository/com/aayushatharva/brotli4j/brotli4j/1.12.0/brotli4j-1.12.0.jar:/home/mauricio/.m2/repository/com/aayushatharva/brotli4j/service/1.12.0/service-1.12.0.jar:/home/mauricio/.m2/repository/com/aayushatharva/brotli4j/native-linux-x86_64/1.12.0/native-linux-x86_64-1.12.0.jar:/home/mauricio/.m2/repository/org/apache/httpcomponents/httpclient/4.5.14/httpclient-4.5.14.jar:/home/mauricio/.m2/repository/org/apache/httpcomponents/httpcore/4.4.16/httpcore-4.4.16.jar:/home/mauricio/.m2/repository/commons-codec/commons-codec/1.16.0/commons-codec-1.16.0.jar:/home/mauricio/.m2/repository/ch/qos/logback/logback-classic/1.4.11/logback-classic-1.4.11.jar:/home/mauricio/.m2/repository/ch/qos/logback/logback-core/1.4.11/logback-core-1.4.11.jar:/home/mauricio/.m2/repository/org/slf4j/jcl-over-slf4j/2.0.9/jcl-over-slf4j-2.0.9.jar:/home/mauricio/.m2/repository/org/antlr/antlr4-runtime/4.11.1/antlr4-runtime-4.11.1.jar:/home/mauricio/.m2/repository/com/jayway/jsonpath/json-path/2.8.0/json-path-2.8.0.jar:/home/mauricio/.m2/repository/net/minidev/json-smart/2.4.10/json-smart-2.4.10.jar:/home/mauricio/.m2/repository/net/minidev/accessors-smart/2.4.9/accessors-smart-2.4.9.jar:/home/mauricio/.m2/repository/org/ow2/asm/asm/9.3/asm-9.3.jar:/home/mauricio/.m2/repository/org/yaml/snakeyaml/2.0/snakeyaml-2.0.jar:/home/mauricio/.m2/repository/de/siegmar/fastcsv/2.2.1/fastcsv-2.2.1.jar:/home/mauricio/.m2/repository/info/picocli/picocli/4.7.1/picocli-4.7.1.jar:/home/mauricio/.m2/repository/io/github/classgraph/classgraph/4.8.160/classgraph-4.8.160.jar:/home/mauricio/.m2/repository/io/github/t12y/resemble/1.0.2/resemble-1.0.2.jar:/home/mauricio/.m2/repository/io/github/t12y/ssim/1.0.0/ssim-1.0.0.jar:/home/mauricio/.m2/repository/org/junit/jupiter/junit-jupiter-api/5.9.3/junit-jupiter-api-5.9.3.jar:/home/mauricio/.m2/repository/org/opentest4j/opentest4j/1.2.0/opentest4j-1.2.0.jar:/home/mauricio/.m2/repository/org/junit/platform/junit-platform-commons/1.9.3/junit-platform-commons-1.9.3.jar:/home/mauricio/.m2/repository/org/apiguardian/apiguardian-api/1.1.2/apiguardian-api-1.1.2.jar:/home/mauricio/.m2/repository/org/junit/jupiter/junit-jupiter-engine/5.9.3/junit-jupiter-engine-5.9.3.jar:/home/mauricio/.m2/repository/org/junit/platform/junit-platform-engine/1.9.3/junit-platform-engine-1.9.3.jar:"/>
    <property name="java.vm.vendor" value="Ubuntu"/>
    <property name="sun.arch.data.model" value="64"/>
    <property name="java.vendor.url" value="https://ubuntu.com/"/>
    <property name="user.timezone" value=""/>
    <property name="java.vm.specification.version" value="11"/>
    <property name="os.name" value="Linux"/>
    <property name="sun.java.launcher" value="SUN_STANDARD"/>
    <property name="user.country" value="CO"/>
    <property name="sun.boot.library.path" value="/usr/lib/jvm/java-11-openjdk-amd64/lib"/>
    <property name="sun.java.command" value="/media/mauricio/Acer/Proyectos/Karate/test_petstore/target/surefire/surefirebooter3850123337320765897.jar /media/mauricio/Acer/Proyectos/Karate/test_petstore/target/surefire 2024-01-10T23-26-13_261-jvmRun1 surefire12923169313248372818tmp surefire_016692512670974611764tmp"/>
    <property name="jdk.debug" value="release"/>
    <property name="test" value="petTest#testFindById"/>
    <property name="surefire.test.class.path" value="/media/mauricio/Acer/Proyectos/Karate/test_petstore/target/test-classes:/media/mauricio/Acer/Proyectos/Karate/test_petstore/target/classes:/home/mauricio/.m2/repository/com/intuit/karate/karate-junit5/1.4.1/karate-junit5-1.4.1.jar:/home/mauricio/.m2/repository/com/intuit/karate/karate-core/1.4.1/karate-core-1.4.1.jar:/home/mauricio/.m2/repository/org/graalvm/js/js-scriptengine/22.3.3/js-scriptengine-22.3.3.jar:/home/mauricio/.m2/repository/org/graalvm/sdk/graal-sdk/22.3.3/graal-sdk-22.3.3.jar:/home/mauricio/.m2/repository/org/graalvm/js/js/22.3.3/js-22.3.3.jar:/home/mauricio/.m2/repository/org/graalvm/regex/regex/22.3.3/regex-22.3.3.jar:/home/mauricio/.m2/repository/org/graalvm/truffle/truffle-api/22.3.3/truffle-api-22.3.3.jar:/home/mauricio/.m2/repository/com/ibm/icu/icu4j/71.1/icu4j-71.1.jar:/home/mauricio/.m2/repository/org/thymeleaf/thymeleaf/3.1.2.RELEASE/thymeleaf-3.1.2.RELEASE.jar:/home/mauricio/.m2/repository/ognl/ognl/3.3.4/ognl-3.3.4.jar:/home/mauricio/.m2/repository/org/javassist/javassist/3.29.0-GA/javassist-3.29.0-GA.jar:/home/mauricio/.m2/repository/org/attoparser/attoparser/2.0.7.RELEASE/attoparser-2.0.7.RELEASE.jar:/home/mauricio/.m2/repository/org/unbescape/unbescape/1.1.6.RELEASE/unbescape-1.1.6.RELEASE.jar:/home/mauricio/.m2/repository/org/slf4j/slf4j-api/2.0.7/slf4j-api-2.0.7.jar:/home/mauricio/.m2/repository/com/linecorp/armeria/armeria/1.25.2/armeria-1.25.2.jar:/home/mauricio/.m2/repository/com/fasterxml/jackson/core/jackson-core/2.15.2/jackson-core-2.15.2.jar:/home/mauricio/.m2/repository/com/fasterxml/jackson/core/jackson-annotations/2.15.2/jackson-annotations-2.15.2.jar:/home/mauricio/.m2/repository/com/fasterxml/jackson/core/jackson-databind/2.15.2/jackson-databind-2.15.2.jar:/home/mauricio/.m2/repository/com/fasterxml/jackson/datatype/jackson-datatype-jdk8/2.15.2/jackson-datatype-jdk8-2.15.2.jar:/home/mauricio/.m2/repository/com/fasterxml/jackson/datatype/jackson-datatype-jsr310/2.15.2/jackson-datatype-jsr310-2.15.2.jar:/home/mauricio/.m2/repository/io/micrometer/micrometer-core/1.11.3/micrometer-core-1.11.3.jar:/home/mauricio/.m2/repository/io/micrometer/micrometer-commons/1.11.3/micrometer-commons-1.11.3.jar:/home/mauricio/.m2/repository/io/micrometer/micrometer-observation/1.11.3/micrometer-observation-1.11.3.jar:/home/mauricio/.m2/repository/org/hdrhistogram/HdrHistogram/2.1.12/HdrHistogram-2.1.12.jar:/home/mauricio/.m2/repository/org/latencyutils/LatencyUtils/2.0.3/LatencyUtils-2.0.3.jar:/home/mauricio/.m2/repository/io/netty/netty-transport/4.1.96.Final/netty-transport-4.1.96.Final.jar:/home/mauricio/.m2/repository/io/netty/netty-common/4.1.96.Final/netty-common-4.1.96.Final.jar:/home/mauricio/.m2/repository/io/netty/netty-buffer/4.1.96.Final/netty-buffer-4.1.96.Final.jar:/home/mauricio/.m2/repository/io/netty/netty-resolver/4.1.96.Final/netty-resolver-4.1.96.Final.jar:/home/mauricio/.m2/repository/io/netty/netty-codec-haproxy/4.1.96.Final/netty-codec-haproxy-4.1.96.Final.jar:/home/mauricio/.m2/repository/io/netty/netty-codec/4.1.96.Final/netty-codec-4.1.96.Final.jar:/home/mauricio/.m2/repository/io/netty/netty-codec-http2/4.1.96.Final/netty-codec-http2-4.1.96.Final.jar:/home/mauricio/.m2/repository/io/netty/netty-handler/4.1.96.Final/netty-handler-4.1.96.Final.jar:/home/mauricio/.m2/repository/io/netty/netty-codec-http/4.1.96.Final/netty-codec-http-4.1.96.Final.jar:/home/mauricio/.m2/repository/io/netty/netty-resolver-dns/4.1.96.Final/netty-resolver-dns-4.1.96.Final.jar:/home/mauricio/.m2/repository/io/netty/netty-codec-dns/4.1.96.Final/netty-codec-dns-4.1.96.Final.jar:/home/mauricio/.m2/repository/org/reactivestreams/reactive-streams/1.0.4/reactive-streams-1.0.4.jar:/home/mauricio/.m2/repository/com/google/code/findbugs/jsr305/3.0.2/jsr305-3.0.2.jar:/home/mauricio/.m2/repository/io/netty/netty-handler-proxy/4.1.96.Final/netty-handler-proxy-4.1.96.Final.jar:/home/mauricio/.m2/repository/io/netty/netty-codec-socks/4.1.96.Final/netty-codec-socks-4.1.96.Final.jar:/home/mauricio/.m2/repository/io/netty/netty-transport-native-unix-common/4.1.96.Final/netty-transport-native-unix-common-4.1.96.Final-linux-x86_64.jar:/home/mauricio/.m2/repository/io/netty/netty-transport-native-epoll/4.1.96.Final/netty-transport-native-epoll-4.1.96.Final-linux-x86_64.jar:/home/mauricio/.m2/repository/io/netty/netty-transport-native-unix-common/4.1.96.Final/netty-transport-native-unix-common-4.1.96.Final.jar:/home/mauricio/.m2/repository/io/netty/netty-transport-classes-epoll/4.1.96.Final/netty-transport-classes-epoll-4.1.96.Final.jar:/home/mauricio/.m2/repository/io/netty/netty-transport-native-unix-common/4.1.96.Final/netty-transport-native-unix-common-4.1.96.Final-linux-aarch_64.jar:/home/mauricio/.m2/repository/io/netty/netty-transport-native-epoll/4.1.96.Final/netty-transport-native-epoll-4.1.96.Final-linux-aarch_64.jar:/home/mauricio/.m2/repository/io/netty/netty-transport-native-unix-common/4.1.96.Final/netty-transport-native-unix-common-4.1.96.Final-osx-x86_64.jar:/home/mauricio/.m2/repository/io/netty/netty-transport-native-kqueue/4.1.96.Final/netty-transport-native-kqueue-4.1.96.Final-osx-x86_64.jar:/home/mauricio/.m2/repository/io/netty/netty-transport-classes-kqueue/4.1.96.Final/netty-transport-classes-kqueue-4.1.96.Final.jar:/home/mauricio/.m2/repository/io/netty/netty-resolver-dns-native-macos/4.1.96.Final/netty-resolver-dns-native-macos-4.1.96.Final-osx-x86_64.jar:/home/mauricio/.m2/repository/io/netty/netty-resolver-dns-classes-macos/4.1.96.Final/netty-resolver-dns-classes-macos-4.1.96.Final.jar:/home/mauricio/.m2/repository/io/netty/netty-transport-native-unix-common/4.1.96.Final/netty-transport-native-unix-common-4.1.96.Final-osx-aarch_64.jar:/home/mauricio/.m2/repository/io/netty/netty-transport-native-kqueue/4.1.96.Final/netty-transport-native-kqueue-4.1.96.Final-osx-aarch_64.jar:/home/mauricio/.m2/repository/io/netty/netty-resolver-dns-native-macos/4.1.96.Final/netty-resolver-dns-native-macos-4.1.96.Final-osx-aarch_64.jar:/home/mauricio/.m2/repository/io/netty/netty-tcnative-boringssl-static/2.0.61.Final/netty-tcnative-boringssl-static-2.0.61.Final-linux-x86_64.jar:/home/mauricio/.m2/repository/io/netty/netty-tcnative-classes/2.0.61.Final/netty-tcnative-classes-2.0.61.Final.jar:/home/mauricio/.m2/repository/io/netty/netty-tcnative-boringssl-static/2.0.61.Final/netty-tcnative-boringssl-static-2.0.61.Final-linux-aarch_64.jar:/home/mauricio/.m2/repository/io/netty/netty-tcnative-boringssl-static/2.0.61.Final/netty-tcnative-boringssl-static-2.0.61.Final-osx-x86_64.jar:/home/mauricio/.m2/repository/io/netty/netty-tcnative-boringssl-static/2.0.61.Final/netty-tcnative-boringssl-static-2.0.61.Final-osx-aarch_64.jar:/home/mauricio/.m2/repository/io/netty/netty-tcnative-boringssl-static/2.0.61.Final/netty-tcnative-boringssl-static-2.0.61.Final-windows-x86_64.jar:/home/mauricio/.m2/repository/com/aayushatharva/brotli4j/brotli4j/1.12.0/brotli4j-1.12.0.jar:/home/mauricio/.m2/repository/com/aayushatharva/brotli4j/service/1.12.0/service-1.12.0.jar:/home/mauricio/.m2/repository/com/aayushatharva/brotli4j/native-linux-x86_64/1.12.0/native-linux-x86_64-1.12.0.jar:/home/mauricio/.m2/repository/org/apache/httpcomponents/httpclient/4.5.14/httpclient-4.5.14.jar:/home/mauricio/.m2/repository/org/apache/httpcomponents/httpcore/4.4.16/httpcore-4.4.16.jar:/home/mauricio/.m2/repository/commons-codec/commons-codec/1.16.0/commons-codec-1.16.0.jar:/home/mauricio/.m2/repository/ch/qos/logback/logback-classic/1.4.11/logback-classic-1.4.11.jar:/home/mauricio/.m2/repository/ch/qos/logback/logback-core/1.4.11/logback-core-1.4.11.jar:/home/mauricio/.m2/repository/org/slf4j/jcl-over-slf4j/2.0.9/jcl-over-slf4j-2.0.9.jar:/home/mauricio/.m2/repository/org/antlr/antlr4-runtime/4.11.1/antlr4-runtime-4.11.1.jar:/home/mauricio/.m2/repository/com/jayway/jsonpath/json-path/2.8.0/json-path-2.8.0.jar:/home/mauricio/.m2/repository/net/minidev/json-smart/2.4.10/json-smart-2.4.10.jar:/home/mauricio/.m2/repository/net/minidev/accessors-smart/2.4.9/accessors-smart-2.4.9.jar:/home/mauricio/.m2/repository/org/ow2/asm/asm/9.3/asm-9.3.jar:/home/mauricio/.m2/repository/org/yaml/snakeyaml/2.0/snakeyaml-2.0.jar:/home/mauricio/.m2/repository/de/siegmar/fastcsv/2.2.1/fastcsv-2.2.1.jar:/home/mauricio/.m2/repository/info/picocli/picocli/4.7.1/picocli-4.7.1.jar:/home/mauricio/.m2/repository/io/github/classgraph/classgraph/4.8.160/classgraph-4.8.160.jar:/home/mauricio/.m2/repository/io/github/t12y/resemble/1.0.2/resemble-1.0.2.jar:/home/mauricio/.m2/repository/io/github/t12y/ssim/1.0.0/ssim-1.0.0.jar:/home/mauricio/.m2/repository/org/junit/jupiter/junit-jupiter-api/5.9.3/junit-jupiter-api-5.9.3.jar:/home/mauricio/.m2/repository/org/opentest4j/opentest4j/1.2.0/opentest4j-1.2.0.jar:/home/mauricio/.m2/repository/org/junit/platform/junit-platform-commons/1.9.3/junit-platform-commons-1.9.3.jar:/home/mauricio/.m2/repository/org/apiguardian/apiguardian-api/1.1.2/apiguardian-api-1.1.2.jar:/home/mauricio/.m2/repository/org/junit/jupiter/junit-jupiter-engine/5.9.3/junit-jupiter-engine-5.9.3.jar:/home/mauricio/.m2/repository/org/junit/platform/junit-platform-engine/1.9.3/junit-platform-engine-1.9.3.jar:"/>
    <property name="sun.cpu.endian" value="little"/>
    <property name="user.home" value="/home/mauricio"/>
    <property name="user.language" value="es"/>
    <property name="java.specification.vendor" value="Oracle Corporation"/>
    <property name="java.version.date" value="2023-10-17"/>
    <property name="java.home" value="/usr/lib/jvm/java-11-openjdk-amd64"/>
    <property name="file.separator" value="/"/>
    <property name="basedir" value="/media/mauricio/Acer/Proyectos/Karate/test_petstore"/>
    <property name="java.vm.compressedOopsMode" value="Zero based"/>
    <property name="line.separator" value="&#10;"/>
    <property name="java.specification.name" value="Java Platform API Specification"/>
    <property name="java.vm.specification.vendor" value="Oracle Corporation"/>
    <property name="java.awt.graphicsenv" value="sun.awt.X11GraphicsEnvironment"/>
    <property name="surefire.real.class.path" value="/media/mauricio/Acer/Proyectos/Karate/test_petstore/target/surefire/surefirebooter3850123337320765897.jar"/>
    <property name="sun.management.compiler" value="HotSpot 64-Bit Tiered Compilers"/>
    <property name="java.runtime.version" value="11.0.21+9-post-Ubuntu-0ubuntu122.04"/>
    <property name="user.name" value="mauricio"/>
    <property name="path.separator" value=":"/>
    <property name="os.version" value="5.15.0-91-generic"/>
    <property name="java.runtime.name" value="OpenJDK Runtime Environment"/>
    <property name="file.encoding" value="UTF-8"/>
    <property name="java.vm.name" value="OpenJDK 64-Bit Server VM"/>
    <property name="localRepository" value="/home/mauricio/.m2/repository"/>
    <property name="java.vendor.url.bug" value="https://bugs.launchpad.net/ubuntu/+source/openjdk-lts"/>
    <property name="java.io.tmpdir" value="/tmp"/>
    <property name="java.version" value="11.0.21"/>
    <property name="user.dir" value="/media/mauricio/Acer/Proyectos/Karate/test_petstore"/>
    <property name="os.arch" value="amd64"/>
    <property name="java.vm.specification.name" value="Java Virtual Machine Specification"/>
    <property name="java.awt.printerjob" value="sun.print.PSPrinterJob"/>
    <property name="sun.os.patch.level" value="unknown"/>
    <property name="java.library.path" value="/usr/java/packages/lib:/usr/lib/x86_64-linux-gnu/jni:/lib/x86_64-linux-gnu:/usr/lib/x86_64-linux-gnu:/usr/lib/jni:/lib:/usr/lib"/>
    <property name="java.vm.info" value="mixed mode, sharing"/>
    <property name="java.vendor" value="Ubuntu"/>
    <property name="java.vm.version" value="11.0.21+9-post-Ubuntu-0ubuntu122.04"/>
    <property name="java.specification.maintenance.version" value="2"/>
    <property name="sun.io.unicode.encoding" value="UnicodeLittle"/>
    <property name="java.class.version" value="55.0"/>
  </properties>
  <testcase name="testFindById[1][1]" classname="petTest" time="1.544">
    <failure message="The param response it&apos;s not was expected.&#10;classpath:pets/petGetFindById.feature:13" type="org.opentest4j.AssertionFailedError">org.opentest4j.AssertionFailedError: 
The param response it's not was expected.
classpath:pets/petGetFindById.feature:13
</failure>
    <system-out><![CDATA[23:26:15.454 [main] DEBUG com.intuit.karate - request:
1 > GET https://petstore3.swagger.io/api/v3/pet/1
1 > Host: petstore3.swagger.io
1 > Connection: Keep-Alive
1 > User-Agent: Apache-HttpClient/4.5.14 (Java/11.0.21)
1 > Accept-Encoding: gzip,deflate


23:26:15.937 [main] DEBUG com.intuit.karate - response time in milliseconds: 479
1 < 404
1 < Date: Thu, 11 Jan 2024 04:26:15 GMT
1 < Content-Type: application/xml
1 < Content-Length: 13
1 < Connection: keep-alive
1 < Access-Control-Allow-Origin: *
1 < Access-Control-Allow-Methods: GET, POST, DELETE, PUT
1 < Access-Control-Allow-Headers: Content-Type, api_key, Authorization
1 < Access-Control-Expose-Headers: Content-Disposition
1 < Server: Jetty(9.4.9.v20180320)
Pet not found

23:26:16.036 [main] ERROR com.intuit.karate - classpath:pets/petGetFindById.feature:13
* eval
"""
if (responseStatus == 200 && response.id != 1 || responseStatus == 404 && response != "bergetbertret"){
     karate.fail("The param response it's not was expected.")
}
"""
The param response it's not was expected.
classpath:pets/petGetFindById.feature:13
]]></system-out>
  </testcase>
  <testcase name="testFindById[1][2]" classname="petTest" time="0.286"/>
  <testcase name="testFindById[1][3]" classname="petTest" time="0.273"/>
  <testcase name="testFindById[1][4]" classname="petTest" time="0.273"/>
  <testcase name="testFindById[1][5]" classname="petTest" time="0.267">
    <failure message="The param response it&apos;s not was expected.&#10;classpath:pets/petGetFindById.feature:13" type="org.opentest4j.AssertionFailedError">org.opentest4j.AssertionFailedError: 
The param response it's not was expected.
classpath:pets/petGetFindById.feature:13
</failure>
    <system-out><![CDATA[23:26:16.888 [main] DEBUG com.intuit.karate - request:
1 > GET https://petstore3.swagger.io/api/v3/pet/5
1 > Host: petstore3.swagger.io
1 > Connection: Keep-Alive
1 > User-Agent: Apache-HttpClient/4.5.14 (Java/11.0.21)
1 > Accept-Encoding: gzip,deflate


23:26:17.145 [main] DEBUG com.intuit.karate - response time in milliseconds: 256
1 < 404
1 < Date: Thu, 11 Jan 2024 04:26:17 GMT
1 < Content-Type: application/xml
1 < Content-Length: 13
1 < Connection: keep-alive
1 < Access-Control-Allow-Origin: *
1 < Access-Control-Allow-Methods: GET, POST, DELETE, PUT
1 < Access-Control-Allow-Headers: Content-Type, api_key, Authorization
1 < Access-Control-Expose-Headers: Content-Disposition
1 < Server: Jetty(9.4.9.v20180320)
Pet not found

23:26:17.148 [main] ERROR com.intuit.karate - classpath:pets/petGetFindById.feature:13
* eval
"""
if (responseStatus == 200 && response.id != 5 || responseStatus == 404 && response != "bergetbertret"){
     karate.fail("The param response it's not was expected.")
}
"""
The param response it's not was expected.
classpath:pets/petGetFindById.feature:13
]]></system-out>
  </testcase>
  <testcase name="testFindById[1][6]" classname="petTest" time="0.27">
    <failure message="The param response it&apos;s not was expected.&#10;classpath:pets/petGetFindById.feature:13" type="org.opentest4j.AssertionFailedError">org.opentest4j.AssertionFailedError: 
The param response it's not was expected.
classpath:pets/petGetFindById.feature:13
</failure>
    <system-out><![CDATA[23:26:17.158 [main] DEBUG com.intuit.karate - request:
1 > GET https://petstore3.swagger.io/api/v3/pet/-1
1 > Host: petstore3.swagger.io
1 > Connection: Keep-Alive
1 > User-Agent: Apache-HttpClient/4.5.14 (Java/11.0.21)
1 > Accept-Encoding: gzip,deflate


23:26:17.414 [main] DEBUG com.intuit.karate - response time in milliseconds: 256
1 < 404
1 < Date: Thu, 11 Jan 2024 04:26:17 GMT
1 < Content-Type: application/xml
1 < Content-Length: 13
1 < Connection: keep-alive
1 < Access-Control-Allow-Origin: *
1 < Access-Control-Allow-Methods: GET, POST, DELETE, PUT
1 < Access-Control-Allow-Headers: Content-Type, api_key, Authorization
1 < Access-Control-Expose-Headers: Content-Disposition
1 < Server: Jetty(9.4.9.v20180320)
Pet not found

23:26:17.418 [main] ERROR com.intuit.karate - classpath:pets/petGetFindById.feature:13
* eval
"""
if (responseStatus == 200 && response.id != -1 || responseStatus == 404 && response != "bergetbertret"){
     karate.fail("The param response it's not was expected.")
}
"""
The param response it's not was expected.
classpath:pets/petGetFindById.feature:13
]]></system-out>
  </testcase>
  <testcase name="testFindById[1][7]" classname="petTest" time="0.268">
    <failure message="The param response it&apos;s not was expected.&#10;classpath:pets/petGetFindById.feature:13" type="org.opentest4j.AssertionFailedError">org.opentest4j.AssertionFailedError: 
The param response it's not was expected.
classpath:pets/petGetFindById.feature:13
</failure>
    <system-out><![CDATA[23:26:17.426 [main] DEBUG com.intuit.karate - request:
1 > GET https://petstore3.swagger.io/api/v3/pet/-24
1 > Host: petstore3.swagger.io
1 > Connection: Keep-Alive
1 > User-Agent: Apache-HttpClient/4.5.14 (Java/11.0.21)
1 > Accept-Encoding: gzip,deflate


23:26:17.683 [main] DEBUG com.intuit.karate - response time in milliseconds: 256
1 < 404
1 < Date: Thu, 11 Jan 2024 04:26:17 GMT
1 < Content-Type: application/xml
1 < Content-Length: 13
1 < Connection: keep-alive
1 < Access-Control-Allow-Origin: *
1 < Access-Control-Allow-Methods: GET, POST, DELETE, PUT
1 < Access-Control-Allow-Headers: Content-Type, api_key, Authorization
1 < Access-Control-Expose-Headers: Content-Disposition
1 < Server: Jetty(9.4.9.v20180320)
Pet not found

23:26:17.686 [main] ERROR com.intuit.karate - classpath:pets/petGetFindById.feature:13
* eval
"""
if (responseStatus == 200 && response.id != -24 || responseStatus == 404 && response != "bergetbertret"){
     karate.fail("The param response it's not was expected.")
}
"""
The param response it's not was expected.
classpath:pets/petGetFindById.feature:13
]]></system-out>
  </testcase>
  <testcase name="testFindById[1][8]" classname="petTest" time="0.306"/>
  <testcase name="testFindById[1][9]" classname="petTest" time="0.261"/>
  <testcase name="testFindById[1][10]" classname="petTest" time="0.263"/>
  <testcase name="testFindById[1][11]" classname="petTest" time="1.119">
    <failure message="status code was: 400, expected: 404, response time in milliseconds: 258, url: https://petstore3.swagger.io/api/v3/pet/1.2341231253446346E41, response: &#10;{&quot;code&quot;:400,&quot;message&quot;:&quot;Input error: couldn&apos;t convert `1.2341231253446346E41` to type `class java.lang.Long`&quot;}&#10;classpath:pets/petGetFindById.feature:53" type="org.opentest4j.AssertionFailedError">org.opentest4j.AssertionFailedError: 
status code was: 400, expected: 404, response time in milliseconds: 258, url: https://petstore3.swagger.io/api/v3/pet/1.2341231253446346E41, response: 
{"code":400,"message":"Input error: couldn't convert `1.2341231253446346E41` to type `class java.lang.Long`"}
classpath:pets/petGetFindById.feature:53
</failure>
    <system-out><![CDATA[23:26:18.527 [main] DEBUG com.intuit.karate - request:
1 > GET https://petstore3.swagger.io/api/v3/pet/1.2341231253446346E41
1 > Host: petstore3.swagger.io
1 > Connection: Keep-Alive
1 > User-Agent: Apache-HttpClient/4.5.14 (Java/11.0.21)
1 > Accept-Encoding: gzip,deflate


23:26:18.786 [main] DEBUG com.intuit.karate - response time in milliseconds: 258
1 < 400
1 < Date: Thu, 11 Jan 2024 04:26:18 GMT
1 < Content-Type: application/json
1 < Content-Length: 109
1 < Connection: keep-alive
1 < Access-Control-Allow-Origin: *
1 < Access-Control-Allow-Methods: GET, POST, DELETE, PUT
1 < Access-Control-Allow-Headers: Content-Type, api_key, Authorization
1 < Access-Control-Expose-Headers: Content-Disposition
1 < Server: Jetty(9.4.9.v20180320)
{"code":400,"message":"Input error: couldn't convert `1.2341231253446346E41` to type `class java.lang.Long`"}

23:26:18.792 [main] ERROR com.intuit.karate - classpath:pets/petGetFindById.feature:53
Then status 404
status code was: 400, expected: 404, response time in milliseconds: 258, url: https://petstore3.swagger.io/api/v3/pet/1.2341231253446346E41, response: 
{"code":400,"message":"Input error: couldn't convert `1.2341231253446346E41` to type `class java.lang.Long`"}
classpath:pets/petGetFindById.feature:53
---------------------------------------------------------
feature: classpath:pets/petGetFindById.feature
scenarios: 11 | passed:  6 | failed:  5 | time: 3,4911
---------------------------------------------------------

Karate version: 1.4.1
======================================================
elapsed:   5,39 | threads:    1 | thread time: 3,49 
features:     1 | skipped:    0 | efficiency: 0,65
scenarios:   11 | passed:     6 | failed: 5
======================================================
>>> failed features:
The param response it's not was expected.
classpath:pets/petGetFindById.feature:13
The param response it's not was expected.
classpath:pets/petGetFindById.feature:13
The param response it's not was expected.
classpath:pets/petGetFindById.feature:13
The param response it's not was expected.
classpath:pets/petGetFindById.feature:13
status code was: 400, expected: 404, response time in milliseconds: 258, url: https://petstore3.swagger.io/api/v3/pet/1.2341231253446346E41, response: 
{"code":400,"message":"Input error: couldn't convert `1.2341231253446346E41` to type `class java.lang.Long`"}
classpath:pets/petGetFindById.feature:53
<<<

HTML report: (paste into browser to view) | Karate version: 1.4.1
file:///media/mauricio/Acer/Proyectos/Karate/test_petstore/target/karate-reports/karate-summary.html
===================================================================

]]></system-out>
  </testcase>
</testsuite>